<?xml version="1.0" encoding="UTF-8"?>
<!-- Generated by org.testng.reporters.JUnitReportReporter -->
<testsuite hostname="Mypc" name="testNG.EmpRegTest" tests="3" failures="0" timestamp="9 May 2018 16:35:31 GMT" time="25.492" errors="0">
  <testcase name="Empreg" time="7.909" classname="testNG.EmpRegTest"/>
  <testcase name="Empreg" time="9.530" classname="testNG.EmpRegTest"/>
  <testcase name="Empreg" time="8.053" classname="testNG.EmpRegTest"/>
</testsuite> <!-- testNG.EmpRegTest -->
