<?xml version="1.0" encoding="UTF-8"?>
<!-- Generated by org.testng.reporters.JUnitReportReporter -->
<testsuite hostname="Mypc" name="testNG.UserRegTest" tests="1" failures="0" timestamp="8 May 2018 16:08:48 GMT" time="15.084" errors="0">
  <testcase name="Userreg" time="15.084" classname="testNG.UserRegTest"/>
</testsuite> <!-- testNG.UserRegTest -->
