<?xml version="1.0" encoding="UTF-8"?>
<!-- Generated by org.testng.reporters.JUnitReportReporter -->
<testsuite hostname="Mypc" name="testNG.PrimusbankLogin" tests="1" failures="0" timestamp="7 May 2018 17:19:44 GMT" time="7.543" errors="0">
  <testcase name="Login" time="7.543" classname="testNG.PrimusbankLogin"/>
</testsuite> <!-- testNG.PrimusbankLogin -->
