<?xml version="1.0" encoding="UTF-8"?>
<!-- Generated by org.testng.reporters.JUnitReportReporter -->
<testsuite hostname="Mypc" name="testNG.BasicAnnotationsEg" tests="3" failures="0" timestamp="7 May 2018 16:56:51 GMT" time="0.098" errors="0">
  <testcase name="a" time="0.009" classname="testNG.BasicAnnotationsEg"/>
  <testcase name="function1" time="0.038" classname="testNG.BasicAnnotationsEg"/>
  <testcase name="function2" time="0.051" classname="testNG.BasicAnnotationsEg"/>
</testsuite> <!-- testNG.BasicAnnotationsEg -->
